This is pdfTeX, Version 3.1415926-1.40.10 (TeX Live 2009/Debian) (format=pdflatex 2011.7.26)  17 JAN 2012 23:46
entering extended mode
 %&-line parsing enabled.
**main.tex
(./main.tex
LaTeX2e <2009/09/24>
Babel <v3.8l> and hyphenation patterns for english, usenglishmax, dumylang, noh
yphenation, polish, loaded.
(/usr/share/texmf-texlive/tex/latex/base/report.cls
Document Class: report 2007/10/19 v1.4h Standard LaTeX document class
(/usr/share/texmf-texlive/tex/latex/base/size12.clo
File: size12.clo 2007/10/19 v1.4h Standard LaTeX file (size option)
)
\c@part=\count79
\c@chapter=\count80
\c@section=\count81
\c@subsection=\count82
\c@subsubsection=\count83
\c@paragraph=\count84
\c@subparagraph=\count85
\c@figure=\count86
\c@table=\count87
\abovecaptionskip=\skip41
\belowcaptionskip=\skip42
\bibindent=\dimen102
)
(/usr/share/texmf-texlive/tex/latex/geometry/geometry.sty
Package: geometry 2008/12/21 v4.2 Page Geometry

(/usr/share/texmf-texlive/tex/latex/graphics/keyval.sty
Package: keyval 1999/03/16 v1.13 key=value parser (DPC)
\KV@toks@=\toks14
)
(/usr/share/texmf-texlive/tex/generic/oberdiek/ifpdf.sty
Package: ifpdf 2009/04/10 v2.0 Provides the ifpdf switch (HO)
Package ifpdf Info: pdfTeX in pdf mode detected.
)
(/usr/share/texmf-texlive/tex/generic/oberdiek/ifvtex.sty
Package: ifvtex 2008/11/04 v1.4 Switches for detecting VTeX and its modes (HO)
Package ifvtex Info: VTeX not detected.
)
\Gm@cnth=\count88
\Gm@cntv=\count89
\c@Gm@tempcnt=\count90
\Gm@bindingoffset=\dimen103
\Gm@wd@mp=\dimen104
\Gm@odd@mp=\dimen105
\Gm@even@mp=\dimen106
\Gm@dimlist=\toks15

(/usr/share/texmf-texlive/tex/xelatex/xetexconfig/geometry.cfg))
(/usr/share/texmf-texlive/tex/latex/algorithms/algorithmic.sty
Package: algorithmic 2009/08/24 v0.1 Document Style `algorithmic'

(/usr/share/texmf-texlive/tex/latex/base/ifthen.sty
Package: ifthen 2001/05/26 v1.1c Standard LaTeX ifthen package (DPC)
)
\c@ALC@unique=\count91
\c@ALC@line=\count92
\c@ALC@rem=\count93
\c@ALC@depth=\count94
\ALC@tlm=\skip43
\algorithmicindent=\skip44
)
(/usr/share/texmf-texlive/tex/latex/algorithms/algorithm.sty
Package: algorithm 2009/08/24 v0.1 Document Style `algorithm' - floating enviro
nment

(/usr/share/texmf-texlive/tex/latex/float/float.sty
Package: float 2001/11/08 v1.3d Float enhancements (AL)
\c@float@type=\count95
\float@exts=\toks16
\float@box=\box26
\@float@everytoks=\toks17
\@floatcapt=\box27
)
\@float@every@algorithm=\toks18
\c@algorithm=\count96
)
(/usr/share/texmf-texlive/tex/latex/todonotes/todonotes.sty
Package: todonotes 2009/08/01 .dtx Todonotes source and documentation.
Package: todonotes 2009/04/02

(/usr/share/texmf-texlive/tex/latex/xkeyval/xkeyval.sty
Package: xkeyval 2008/08/13 v2.6a package option processing (HA)

(/usr/share/texmf-texlive/tex/generic/xkeyval/xkeyval.tex
\XKV@toks=\toks19
\XKV@tempa@toks=\toks20
\XKV@depth=\count97
File: xkeyval.tex 2008/08/13 v2.6a key=value parser (HA)
))
(/usr/share/texmf/tex/latex/xcolor/xcolor.sty
Package: xcolor 2007/01/21 v2.11 LaTeX color extensions (UK)

(/etc/texmf/tex/latex/config/color.cfg
File: color.cfg 2007/01/18 v1.5 color configuration of teTeX/TeXLive
)
Package xcolor Info: Driver file: pdftex.def on input line 225.

(/usr/share/texmf-texlive/tex/latex/pdftex-def/pdftex.def
File: pdftex.def 2010/03/12 v0.04p Graphics/color for pdfTeX
\Gread@gobject=\count98
)
Package xcolor Info: Model `cmy' substituted by `cmy0' on input line 1337.
Package xcolor Info: Model `hsb' substituted by `rgb' on input line 1341.
Package xcolor Info: Model `RGB' extended on input line 1353.
Package xcolor Info: Model `HTML' substituted by `rgb' on input line 1355.
Package xcolor Info: Model `Hsb' substituted by `hsb' on input line 1356.
Package xcolor Info: Model `tHsb' substituted by `hsb' on input line 1357.
Package xcolor Info: Model `HSB' substituted by `hsb' on input line 1358.
Package xcolor Info: Model `Gray' substituted by `gray' on input line 1359.
Package xcolor Info: Model `wave' substituted by `hsb' on input line 1360.
)
(/usr/share/texmf/tex/latex/pgf/frontendlayer/tikz.sty
(/usr/share/texmf/tex/latex/pgf/basiclayer/pgf.sty
(/usr/share/texmf/tex/latex/pgf/utilities/pgfrcs.sty
(/usr/share/texmf/tex/generic/pgf/utilities/pgfutil-common.tex
\pgfutil@everybye=\toks21
)
(/usr/share/texmf/tex/generic/pgf/utilities/pgfutil-latex.def)
(/usr/share/texmf/tex/generic/pgf/utilities/pgfrcs.code.tex
Package: pgfrcs 2008/02/20 v2.00 (rcs-revision 1.21)
))
Package: pgf 2008/01/15 v2.00 (rcs-revision 1.12)

(/usr/share/texmf/tex/latex/pgf/basiclayer/pgfcore.sty
(/usr/share/texmf-texlive/tex/latex/graphics/graphicx.sty
Package: graphicx 1999/02/16 v1.0f Enhanced LaTeX Graphics (DPC,SPQR)

(/usr/share/texmf-texlive/tex/latex/graphics/graphics.sty
Package: graphics 2009/02/05 v1.0o Standard LaTeX Graphics (DPC,SPQR)

(/usr/share/texmf-texlive/tex/latex/graphics/trig.sty
Package: trig 1999/03/16 v1.09 sin cos tan (DPC)
)
(/etc/texmf/tex/latex/config/graphics.cfg
File: graphics.cfg 2009/08/28 v1.8 graphics configuration of TeX Live
)
Package graphics Info: Driver file: pdftex.def on input line 91.
)
\Gin@req@height=\dimen107
\Gin@req@width=\dimen108
)
(/usr/share/texmf/tex/latex/pgf/systemlayer/pgfsys.sty
(/usr/share/texmf/tex/generic/pgf/systemlayer/pgfsys.code.tex
Package: pgfsys 2008/02/07 v2.00 (rcs-revision 1.31)

(/usr/share/texmf/tex/generic/pgf/utilities/pgfkeys.code.tex
\pgfkeys@pathtoks=\toks22
\pgfkeys@temptoks=\toks23
)
\pgf@x=\dimen109
\pgf@y=\dimen110
\pgf@xa=\dimen111
\pgf@ya=\dimen112
\pgf@xb=\dimen113
\pgf@yb=\dimen114
\pgf@xc=\dimen115
\pgf@yc=\dimen116
\c@pgf@counta=\count99
\c@pgf@countb=\count100
\c@pgf@countc=\count101
\c@pgf@countd=\count102

(/usr/share/texmf/tex/generic/pgf/systemlayer/pgf.cfg
File: pgf.cfg 2008/01/13  (rcs-revision 1.6)
)
Package pgfsys Info: Driver file for pgf: pgfsys-pdftex.def on input line 885.

(/usr/share/texmf/tex/generic/pgf/systemlayer/pgfsys-pdftex.def
File: pgfsys-pdftex.def 2007/12/20  (rcs-revision 1.20)

(/usr/share/texmf/tex/generic/pgf/systemlayer/pgfsys-common-pdf.def
File: pgfsys-common-pdf.def 2007/12/17  (rcs-revision 1.8)
)))
(/usr/share/texmf/tex/generic/pgf/systemlayer/pgfsyssoftpath.code.tex
File: pgfsyssoftpath.code.tex 2008/01/23  (rcs-revision 1.6)
\pgfsyssoftpath@smallbuffer@items=\count103
\pgfsyssoftpath@bigbuffer@items=\count104
)
(/usr/share/texmf/tex/generic/pgf/systemlayer/pgfsysprotocol.code.tex
File: pgfsysprotocol.code.tex 2006/10/16  (rcs-revision 1.4)
))
(/usr/share/texmf/tex/generic/pgf/basiclayer/pgfcore.code.tex
Package: pgfcore 2008/01/15 v2.00 (rcs-revision 1.6)

(/usr/share/texmf/tex/generic/pgf/math/pgfmath.code.tex
(/usr/share/texmf/tex/generic/pgf/math/pgfmathcalc.code.tex
(/usr/share/texmf/tex/generic/pgf/math/pgfmathutil.code.tex
\pgfmath@box=\box28
)
(/usr/share/texmf/tex/generic/pgf/math/pgfmathparser.code.tex
\pgfmath@stack=\toks24
\c@pgfmath@parsecounta=\count105
\c@pgfmath@parsecountb=\count106
\c@pgfmath@parsecountc=\count107
\pgfmath@parsex=\dimen117
)
(/usr/share/texmf/tex/generic/pgf/math/pgfmathoperations.code.tex
(/usr/share/texmf/tex/generic/pgf/math/pgfmathtrig.code.tex)
(/usr/share/texmf/tex/generic/pgf/math/pgfmathrnd.code.tex))
(/usr/share/texmf/tex/generic/pgf/math/pgfmathbase.code.tex)))
(/usr/share/texmf/tex/generic/pgf/basiclayer/pgfcorepoints.code.tex
File: pgfcorepoints.code.tex 2008/02/03  (rcs-revision 1.13)
\pgf@picminx=\dimen118
\pgf@picmaxx=\dimen119
\pgf@picminy=\dimen120
\pgf@picmaxy=\dimen121
\pgf@pathminx=\dimen122
\pgf@pathmaxx=\dimen123
\pgf@pathminy=\dimen124
\pgf@pathmaxy=\dimen125
\pgf@xx=\dimen126
\pgf@xy=\dimen127
\pgf@yx=\dimen128
\pgf@yy=\dimen129
\pgf@zx=\dimen130
\pgf@zy=\dimen131
)
(/usr/share/texmf/tex/generic/pgf/basiclayer/pgfcorepathconstruct.code.tex
File: pgfcorepathconstruct.code.tex 2008/02/13  (rcs-revision 1.14)
\pgf@path@lastx=\dimen132
\pgf@path@lasty=\dimen133
)
(/usr/share/texmf/tex/generic/pgf/basiclayer/pgfcorepathusage.code.tex
File: pgfcorepathusage.code.tex 2008/01/23  (rcs-revision 1.11)
\pgf@shorten@end@additional=\dimen134
\pgf@shorten@start@additional=\dimen135
)
(/usr/share/texmf/tex/generic/pgf/basiclayer/pgfcorescopes.code.tex
File: pgfcorescopes.code.tex 2008/01/15  (rcs-revision 1.26)
\pgfpic=\box29
\pgf@hbox=\box30
\pgf@layerbox@main=\box31
\pgf@picture@serial@count=\count108
)
(/usr/share/texmf/tex/generic/pgf/basiclayer/pgfcoregraphicstate.code.tex
File: pgfcoregraphicstate.code.tex 2007/12/12  (rcs-revision 1.8)
\pgflinewidth=\dimen136
)
(/usr/share/texmf/tex/generic/pgf/basiclayer/pgfcoretransformations.code.tex
File: pgfcoretransformations.code.tex 2008/02/04  (rcs-revision 1.10)
\pgf@pt@x=\dimen137
\pgf@pt@y=\dimen138
\pgf@pt@temp=\dimen139
)
(/usr/share/texmf/tex/generic/pgf/basiclayer/pgfcorequick.code.tex
File: pgfcorequick.code.tex 2006/10/11  (rcs-revision 1.2)
)
(/usr/share/texmf/tex/generic/pgf/basiclayer/pgfcoreobjects.code.tex
File: pgfcoreobjects.code.tex 2006/10/11  (rcs-revision 1.2)
)
(/usr/share/texmf/tex/generic/pgf/basiclayer/pgfcorepathprocessing.code.tex
File: pgfcorepathprocessing.code.tex 2008/01/23  (rcs-revision 1.7)
)
(/usr/share/texmf/tex/generic/pgf/basiclayer/pgfcorearrows.code.tex
File: pgfcorearrows.code.tex 2007/06/07  (rcs-revision 1.8)
)
(/usr/share/texmf/tex/generic/pgf/basiclayer/pgfcoreshade.code.tex
File: pgfcoreshade.code.tex 2007/12/10  (rcs-revision 1.9)
\pgf@max=\dimen140
\pgf@sys@shading@range@num=\count109
)
(/usr/share/texmf/tex/generic/pgf/basiclayer/pgfcoreimage.code.tex
File: pgfcoreimage.code.tex 2008/01/15  (rcs-revision 1.1)
\pgfexternal@startupbox=\box32
)
(/usr/share/texmf/tex/generic/pgf/basiclayer/pgfcorelayers.code.tex
File: pgfcorelayers.code.tex 2008/01/15  (rcs-revision 1.1)
)
(/usr/share/texmf/tex/generic/pgf/basiclayer/pgfcoretransparency.code.tex
File: pgfcoretransparency.code.tex 2008/01/17  (rcs-revision 1.2)
)
(/usr/share/texmf/tex/generic/pgf/basiclayer/pgfcorepatterns.code.tex
File: pgfcorepatterns.code.tex 2008/01/15  (rcs-revision 1.1)
)))
(/usr/share/texmf/tex/generic/pgf/modules/pgfmoduleshapes.code.tex
File: pgfmoduleshapes.code.tex 2008/02/13  (rcs-revision 1.4)
\pgfnodeparttextbox=\box33
\toks@savedmacro=\toks25
)
(/usr/share/texmf/tex/generic/pgf/modules/pgfmoduleplot.code.tex
File: pgfmoduleplot.code.tex 2008/01/15  (rcs-revision 1.1)
\pgf@plotwrite=\write3
)
(/usr/share/texmf/tex/latex/pgf/compatibility/pgfcomp-version-0-65.sty
Package: pgfcomp-version-0-65 2007/07/03 v2.00 (rcs-revision 1.7)
\pgf@nodesepstart=\dimen141
\pgf@nodesepend=\dimen142
)
(/usr/share/texmf/tex/latex/pgf/compatibility/pgfcomp-version-1-18.sty
Package: pgfcomp-version-1-18 2007/07/23 v2.00 (rcs-revision 1.1)
))
(/usr/share/texmf/tex/latex/pgf/utilities/pgffor.sty
(/usr/share/texmf/tex/generic/pgf/utilities/pgffor.code.tex
Package: pgffor 2007/11/07 v2.00 (rcs-revision 1.8)
\pgffor@iter=\dimen143
\pgffor@skip=\dimen144
))
(/usr/share/texmf/tex/generic/pgf/frontendlayer/tikz/tikz.code.tex
Package: tikz 2008/02/13 v2.00 (rcs-revision 1.27)

(/usr/share/texmf/tex/generic/pgf/libraries/pgflibraryplothandlers.code.tex
File: pgflibraryplothandlers.code.tex 2007/03/09 v2.00 (rcs-revision 1.9)
\pgf@plot@mark@count=\count110
\pgfplotmarksize=\dimen145
)
\tikz@lastx=\dimen146
\tikz@lasty=\dimen147
\tikz@lastxsaved=\dimen148
\tikz@lastysaved=\dimen149
\tikzleveldistance=\dimen150
\tikzsiblingdistance=\dimen151
\tikz@figbox=\box34
\tikz@tempbox=\box35
\tikztreelevel=\count111
\tikznumberofchildren=\count112
\tikznumberofcurrentchild=\count113
\tikz@fig@count=\count114

(/usr/share/texmf/tex/generic/pgf/modules/pgfmodulematrix.code.tex
File: pgfmodulematrix.code.tex 2008/01/15  (rcs-revision 1.1)
\pgfmatrixcurrentrow=\count115
\pgfmatrixcurrentcolumn=\count116
\pgf@matrix@numberofcolumns=\count117
)
\tikz@expandcount=\count118

(/usr/share/texmf/tex/generic/pgf/frontendlayer/tikz/libraries/tikzlibrarytopat
hs.code.tex
File: tikzlibrarytopaths.code.tex 2008/01/09 v2.00 (rcs-revision 1.1)
))) (/usr/share/texmf-texlive/tex/latex/tools/calc.sty
Package: calc 2007/08/22 v4.3 Infix arithmetic (KKT,FJ)
\calc@Acount=\count119
\calc@Bcount=\count120
\calc@Adimen=\dimen152
\calc@Bdimen=\dimen153
\calc@Askip=\skip45
\calc@Bskip=\skip46
LaTeX Info: Redefining \setlength on input line 76.
LaTeX Info: Redefining \addtolength on input line 77.
\calc@Ccount=\count121
\calc@Cskip=\skip47
)
\c@@todonotes@numberoftodonotes=\count122
)
(/usr/share/texmf-texlive/tex/latex/polski/polski.sty
Package: polski 2008/02/24 v1.3.3 Polish language package

Document language package `polski' v1.3.3 <2008/02/24>
   Switching to Polish text encoding and Polish maths fonts.
(/usr/share/texmf-texlive/tex/latex/base/ot4enc.def
File: ot4enc.def 2005/09/27 v1.99g Standard LaTeX file
)
LaTeX Font Info:    Try loading font information for OT4+cmr on input line 346.


(/usr/share/texmf-texlive/tex/latex/polski/ot4cmr.fd
File: ot4cmr.fd 2008/02/24 v1.2.1 Font defs for fonts PL (MW)
)
LaTeX Font Info:    Overwriting math alphabet `\mathbf' in version `normal'
(Font)                  OT1/cmr/bx/n --> OT4/cmr/bx/n on input line 346.
LaTeX Font Info:    Overwriting math alphabet `\mathsf' in version `normal'
(Font)                  OT1/cmss/m/n --> OT4/cmss/m/n on input line 346.
LaTeX Font Info:    Overwriting math alphabet `\mathit' in version `normal'
(Font)                  OT1/cmr/m/it --> OT4/cmr/m/it on input line 346.
LaTeX Font Info:    Overwriting math alphabet `\mathtt' in version `normal'
(Font)                  OT1/cmtt/m/n --> OT4/cmtt/m/n on input line 346.
LaTeX Font Info:    Overwriting math alphabet `\mathsf' in version `bold'
(Font)                  OT1/cmss/bx/n --> OT4/cmss/bx/n on input line 346.
LaTeX Font Info:    Overwriting math alphabet `\mathit' in version `bold'
(Font)                  OT1/cmr/bx/it --> OT4/cmr/bx/it on input line 346.
LaTeX Font Info:    Encoding `OT1' has changed to `OT4' for symbol font
(Font)              `operators' in the math version `normal' on input line 346.

LaTeX Font Info:    Overwriting symbol font `operators' in version `normal'
(Font)                  OT1/cmr/m/n --> OT4/cmr/m/n on input line 346.
LaTeX Font Info:    Overwriting symbol font `letters' in version `normal'
(Font)                  OML/cmm/m/it --> OML/plm/m/it on input line 346.
LaTeX Font Info:    Overwriting symbol font `symbols' in version `normal'
(Font)                  OMS/cmsy/m/n --> OMS/plsy/m/n on input line 346.
LaTeX Font Info:    Overwriting symbol font `largesymbols' in version `normal'
(Font)                  OMX/cmex/m/n --> OMX/plex/m/n on input line 346.
LaTeX Font Info:    Encoding `OT1' has changed to `OT4' for symbol font
(Font)              `operators' in the math version `bold' on input line 346.
LaTeX Font Info:    Overwriting symbol font `operators' in version `bold'
(Font)                  OT1/cmr/bx/n --> OT4/cmr/bx/n on input line 346.
LaTeX Font Info:    Overwriting symbol font `letters' in version `bold'
(Font)                  OML/cmm/b/it --> OML/plm/b/it on input line 346.
LaTeX Font Info:    Overwriting symbol font `symbols' in version `bold'
(Font)                  OMS/cmsy/b/n --> OMS/plsy/b/n on input line 346.
)
(/usr/share/texmf-texlive/tex/latex/ltxmisc/url.sty
\Urlmuskip=\muskip10
Package: url 2006/04/12  ver 3.3  Verb mode for urls, etc.
)
(/usr/share/texmf-texlive/tex/latex/caption/caption.sty
Package: caption 2009/10/09 v3.1k Customizing captions (AR)

(/usr/share/texmf-texlive/tex/latex/caption/caption3.sty
Package: caption3 2009/10/09 v3.1k caption3 kernel (AR)
\captionmargin=\dimen154
\captionmargin@=\dimen155
\captionwidth=\dimen156
\caption@indent=\dimen157
\caption@parindent=\dimen158
\caption@hangindent=\dimen159
)
\c@ContinuedFloat=\count123
Package caption Info: float package is loaded.
)
(/usr/share/texmf-texlive/tex/latex/subfig/subfig.sty
Package: subfig 2005/06/28 ver: 1.3 subfig package
\c@KVtest=\count124
\sf@farskip=\skip48
\sf@captopadj=\dimen160
\sf@capskip=\skip49
\sf@nearskip=\skip50
\c@subfigure=\count125
\c@subfigure@save=\count126
\c@lofdepth=\count127
\c@subtable=\count128
\c@subtable@save=\count129
\c@lotdepth=\count130
\sf@top=\skip51
\sf@bottom=\skip52
)
(/usr/share/texmf-texlive/tex/latex/amsmath/amsmath.sty
Package: amsmath 2000/07/18 v2.13 AMS math features
\@mathmargin=\skip53

For additional information on amsmath, use the `?' option.
(/usr/share/texmf-texlive/tex/latex/amsmath/amstext.sty
Package: amstext 2000/06/29 v2.01

(/usr/share/texmf-texlive/tex/latex/amsmath/amsgen.sty
File: amsgen.sty 1999/11/30 v2.0
\@emptytoks=\toks26
\ex@=\dimen161
))
(/usr/share/texmf-texlive/tex/latex/amsmath/amsbsy.sty
Package: amsbsy 1999/11/29 v1.2d
\pmbraise@=\dimen162
)
(/usr/share/texmf-texlive/tex/latex/amsmath/amsopn.sty
Package: amsopn 1999/12/14 v2.01 operator names
)
\inf@bad=\count131
LaTeX Info: Redefining \frac on input line 211.
\uproot@=\count132
\leftroot@=\count133
LaTeX Info: Redefining \overline on input line 307.
\classnum@=\count134
\DOTSCASE@=\count135
LaTeX Info: Redefining \ldots on input line 379.
LaTeX Info: Redefining \dots on input line 382.
LaTeX Info: Redefining \cdots on input line 467.
\Mathstrutbox@=\box36
\strutbox@=\box37
\big@size=\dimen163
LaTeX Font Info:    Redeclaring font encoding OML on input line 567.
LaTeX Font Info:    Redeclaring font encoding OMS on input line 568.
\macc@depth=\count136
\c@MaxMatrixCols=\count137
\dotsspace@=\muskip11
\c@parentequation=\count138
\dspbrk@lvl=\count139
\tag@help=\toks27
\row@=\count140
\column@=\count141
\maxfields@=\count142
\andhelp@=\toks28
\eqnshift@=\dimen164
\alignsep@=\dimen165
\tagshift@=\dimen166
\tagwidth@=\dimen167
\totwidth@=\dimen168
\lineht@=\dimen169
\@envbody=\toks29
\multlinegap=\skip54
\multlinetaggap=\skip55
\mathdisplay@stack=\toks30
LaTeX Info: Redefining \[ on input line 2666.
LaTeX Info: Redefining \] on input line 2667.
)
(/usr/share/texmf-texlive/tex/latex/amsfonts/amssymb.sty
Package: amssymb 2009/06/22 v3.00

(/usr/share/texmf-texlive/tex/latex/amsfonts/amsfonts.sty
Package: amsfonts 2009/06/22 v3.00 Basic AMSFonts support
\symAMSa=\mathgroup4
\symAMSb=\mathgroup5
LaTeX Font Info:    Overwriting math alphabet `\mathfrak' in version `bold'
(Font)                  U/euf/m/n --> U/euf/b/n on input line 96.
))
(/usr/share/texmf-texlive/tex/latex/wrapfig/wrapfig.sty
\wrapoverhang=\dimen170
\WF@size=\dimen171
\c@WF@wrappedlines=\count143
\WF@box=\box38
\WF@everypar=\toks31
Package: wrapfig 2003/01/31  v 3.6
)
(/usr/share/texmf-texlive/tex/latex/listings/listings.sty
\lst@mode=\count144
\lst@gtempboxa=\box39
\lst@token=\toks32
\lst@length=\count145
\lst@currlwidth=\dimen172
\lst@column=\count146
\lst@pos=\count147
\lst@lostspace=\dimen173
\lst@width=\dimen174
\lst@newlines=\count148
\lst@lineno=\count149
\lst@maxwidth=\dimen175

(/usr/share/texmf-texlive/tex/latex/listings/lstmisc.sty
File: lstmisc.sty 2007/02/22 1.4 (Carsten Heinz)
\c@lstnumber=\count150
\lst@skipnumbers=\count151
\lst@framebox=\box40
)
(/usr/share/texmf-texlive/tex/latex/listings/listings.cfg
File: listings.cfg 2007/02/22 1.4 listings configuration
))
Package: listings 2007/02/22 1.4 (Carsten Heinz)

(/usr/share/texmf-texlive/tex/latex/listings/lstlang1.sty
File: lstlang1.sty 2004/09/05 1.3 listings language file
)
(/usr/share/texmf-texlive/tex/latex/listings/lstmisc.sty
File: lstmisc.sty 2007/02/22 1.4 (Carsten Heinz)
)
(/usr/share/texmf-texlive/tex/latex/base/inputenc.sty
Package: inputenc 2008/03/30 v1.1d Input encoding file
\inpenc@prehook=\toks33
\inpenc@posthook=\toks34

(/usr/share/texmf-texlive/tex/latex/base/utf8.def
File: utf8.def 2008/04/05 v1.1m UTF-8 support for inputenc
Now handling font encoding OML ...
... no UTF-8 mapping file for font encoding OML
Now handling font encoding T1 ...
... processing UTF-8 mapping file for font encoding T1

(/usr/share/texmf-texlive/tex/latex/base/t1enc.dfu
File: t1enc.dfu 2008/04/05 v1.1m UTF-8 support for inputenc
   defining Unicode char U+00A1 (decimal 161)
   defining Unicode char U+00A3 (decimal 163)
   defining Unicode char U+00AB (decimal 171)
   defining Unicode char U+00BB (decimal 187)
   defining Unicode char U+00BF (decimal 191)
   defining Unicode char U+00C0 (decimal 192)
   defining Unicode char U+00C1 (decimal 193)
   defining Unicode char U+00C2 (decimal 194)
   defining Unicode char U+00C3 (decimal 195)
   defining Unicode char U+00C4 (decimal 196)
   defining Unicode char U+00C5 (decimal 197)
   defining Unicode char U+00C6 (decimal 198)
   defining Unicode char U+00C7 (decimal 199)
   defining Unicode char U+00C8 (decimal 200)
   defining Unicode char U+00C9 (decimal 201)
   defining Unicode char U+00CA (decimal 202)
   defining Unicode char U+00CB (decimal 203)
   defining Unicode char U+00CC (decimal 204)
   defining Unicode char U+00CD (decimal 205)
   defining Unicode char U+00CE (decimal 206)
   defining Unicode char U+00CF (decimal 207)
   defining Unicode char U+00D0 (decimal 208)
   defining Unicode char U+00D1 (decimal 209)
   defining Unicode char U+00D2 (decimal 210)
   defining Unicode char U+00D3 (decimal 211)
   defining Unicode char U+00D4 (decimal 212)
   defining Unicode char U+00D5 (decimal 213)
   defining Unicode char U+00D6 (decimal 214)
   defining Unicode char U+00D8 (decimal 216)
   defining Unicode char U+00D9 (decimal 217)
   defining Unicode char U+00DA (decimal 218)
   defining Unicode char U+00DB (decimal 219)
   defining Unicode char U+00DC (decimal 220)
   defining Unicode char U+00DD (decimal 221)
   defining Unicode char U+00DE (decimal 222)
   defining Unicode char U+00DF (decimal 223)
   defining Unicode char U+00E0 (decimal 224)
   defining Unicode char U+00E1 (decimal 225)
   defining Unicode char U+00E2 (decimal 226)
   defining Unicode char U+00E3 (decimal 227)
   defining Unicode char U+00E4 (decimal 228)
   defining Unicode char U+00E5 (decimal 229)
   defining Unicode char U+00E6 (decimal 230)
   defining Unicode char U+00E7 (decimal 231)
   defining Unicode char U+00E8 (decimal 232)
   defining Unicode char U+00E9 (decimal 233)
   defining Unicode char U+00EA (decimal 234)
   defining Unicode char U+00EB (decimal 235)
   defining Unicode char U+00EC (decimal 236)
   defining Unicode char U+00ED (decimal 237)
   defining Unicode char U+00EE (decimal 238)
   defining Unicode char U+00EF (decimal 239)
   defining Unicode char U+00F0 (decimal 240)
   defining Unicode char U+00F1 (decimal 241)
   defining Unicode char U+00F2 (decimal 242)
   defining Unicode char U+00F3 (decimal 243)
   defining Unicode char U+00F4 (decimal 244)
   defining Unicode char U+00F5 (decimal 245)
   defining Unicode char U+00F6 (decimal 246)
   defining Unicode char U+00F8 (decimal 248)
   defining Unicode char U+00F9 (decimal 249)
   defining Unicode char U+00FA (decimal 250)
   defining Unicode char U+00FB (decimal 251)
   defining Unicode char U+00FC (decimal 252)
   defining Unicode char U+00FD (decimal 253)
   defining Unicode char U+00FE (decimal 254)
   defining Unicode char U+00FF (decimal 255)
   defining Unicode char U+0102 (decimal 258)
   defining Unicode char U+0103 (decimal 259)
   defining Unicode char U+0104 (decimal 260)
   defining Unicode char U+0105 (decimal 261)
   defining Unicode char U+0106 (decimal 262)
   defining Unicode char U+0107 (decimal 263)
   defining Unicode char U+010C (decimal 268)
   defining Unicode char U+010D (decimal 269)
   defining Unicode char U+010E (decimal 270)
   defining Unicode char U+010F (decimal 271)
   defining Unicode char U+0110 (decimal 272)
   defining Unicode char U+0111 (decimal 273)
   defining Unicode char U+0118 (decimal 280)
   defining Unicode char U+0119 (decimal 281)
   defining Unicode char U+011A (decimal 282)
   defining Unicode char U+011B (decimal 283)
   defining Unicode char U+011E (decimal 286)
   defining Unicode char U+011F (decimal 287)
   defining Unicode char U+0130 (decimal 304)
   defining Unicode char U+0131 (decimal 305)
   defining Unicode char U+0132 (decimal 306)
   defining Unicode char U+0133 (decimal 307)
   defining Unicode char U+0139 (decimal 313)
   defining Unicode char U+013A (decimal 314)
   defining Unicode char U+013D (decimal 317)
   defining Unicode char U+013E (decimal 318)
   defining Unicode char U+0141 (decimal 321)
   defining Unicode char U+0142 (decimal 322)
   defining Unicode char U+0143 (decimal 323)
   defining Unicode char U+0144 (decimal 324)
   defining Unicode char U+0147 (decimal 327)
   defining Unicode char U+0148 (decimal 328)
   defining Unicode char U+014A (decimal 330)
   defining Unicode char U+014B (decimal 331)
   defining Unicode char U+0150 (decimal 336)
   defining Unicode char U+0151 (decimal 337)
   defining Unicode char U+0152 (decimal 338)
   defining Unicode char U+0153 (decimal 339)
   defining Unicode char U+0154 (decimal 340)
   defining Unicode char U+0155 (decimal 341)
   defining Unicode char U+0158 (decimal 344)
   defining Unicode char U+0159 (decimal 345)
   defining Unicode char U+015A (decimal 346)
   defining Unicode char U+015B (decimal 347)
   defining Unicode char U+015E (decimal 350)
   defining Unicode char U+015F (decimal 351)
   defining Unicode char U+0160 (decimal 352)
   defining Unicode char U+0161 (decimal 353)
   defining Unicode char U+0162 (decimal 354)
   defining Unicode char U+0163 (decimal 355)
   defining Unicode char U+0164 (decimal 356)
   defining Unicode char U+0165 (decimal 357)
   defining Unicode char U+016E (decimal 366)
   defining Unicode char U+016F (decimal 367)
   defining Unicode char U+0170 (decimal 368)
   defining Unicode char U+0171 (decimal 369)
   defining Unicode char U+0178 (decimal 376)
   defining Unicode char U+0179 (decimal 377)
   defining Unicode char U+017A (decimal 378)
   defining Unicode char U+017B (decimal 379)
   defining Unicode char U+017C (decimal 380)
   defining Unicode char U+017D (decimal 381)
   defining Unicode char U+017E (decimal 382)
   defining Unicode char U+200C (decimal 8204)
   defining Unicode char U+2013 (decimal 8211)
   defining Unicode char U+2014 (decimal 8212)
   defining Unicode char U+2018 (decimal 8216)
   defining Unicode char U+2019 (decimal 8217)
   defining Unicode char U+201A (decimal 8218)
   defining Unicode char U+201C (decimal 8220)
   defining Unicode char U+201D (decimal 8221)
   defining Unicode char U+201E (decimal 8222)
   defining Unicode char U+2030 (decimal 8240)
   defining Unicode char U+2031 (decimal 8241)
   defining Unicode char U+2039 (decimal 8249)
   defining Unicode char U+203A (decimal 8250)
   defining Unicode char U+2423 (decimal 9251)
)
Now handling font encoding OT1 ...
... processing UTF-8 mapping file for font encoding OT1

(/usr/share/texmf-texlive/tex/latex/base/ot1enc.dfu
File: ot1enc.dfu 2008/04/05 v1.1m UTF-8 support for inputenc
   defining Unicode char U+00A1 (decimal 161)
   defining Unicode char U+00A3 (decimal 163)
   defining Unicode char U+00B8 (decimal 184)
   defining Unicode char U+00BF (decimal 191)
   defining Unicode char U+00C5 (decimal 197)
   defining Unicode char U+00C6 (decimal 198)
   defining Unicode char U+00D8 (decimal 216)
   defining Unicode char U+00DF (decimal 223)
   defining Unicode char U+00E6 (decimal 230)
   defining Unicode char U+00EC (decimal 236)
   defining Unicode char U+00ED (decimal 237)
   defining Unicode char U+00EE (decimal 238)
   defining Unicode char U+00EF (decimal 239)
   defining Unicode char U+00F8 (decimal 248)
   defining Unicode char U+0131 (decimal 305)
   defining Unicode char U+0141 (decimal 321)
   defining Unicode char U+0142 (decimal 322)
   defining Unicode char U+0152 (decimal 338)
   defining Unicode char U+0153 (decimal 339)
   defining Unicode char U+2013 (decimal 8211)
   defining Unicode char U+2014 (decimal 8212)
   defining Unicode char U+2018 (decimal 8216)
   defining Unicode char U+2019 (decimal 8217)
   defining Unicode char U+201C (decimal 8220)
   defining Unicode char U+201D (decimal 8221)
)
Now handling font encoding OMS ...
... processing UTF-8 mapping file for font encoding OMS

(/usr/share/texmf-texlive/tex/latex/base/omsenc.dfu
File: omsenc.dfu 2008/04/05 v1.1m UTF-8 support for inputenc
   defining Unicode char U+00A7 (decimal 167)
   defining Unicode char U+00B6 (decimal 182)
   defining Unicode char U+00B7 (decimal 183)
   defining Unicode char U+2020 (decimal 8224)
   defining Unicode char U+2021 (decimal 8225)
   defining Unicode char U+2022 (decimal 8226)
)
Now handling font encoding OMX ...
... no UTF-8 mapping file for font encoding OMX
Now handling font encoding U ...
... no UTF-8 mapping file for font encoding U
Now handling font encoding OT4 ...
... no UTF-8 mapping file for font encoding OT4
   defining Unicode char U+00A9 (decimal 169)
   defining Unicode char U+00AA (decimal 170)
   defining Unicode char U+00AE (decimal 174)
   defining Unicode char U+00BA (decimal 186)
   defining Unicode char U+02C6 (decimal 710)
   defining Unicode char U+02DC (decimal 732)
   defining Unicode char U+200C (decimal 8204)
   defining Unicode char U+2026 (decimal 8230)
   defining Unicode char U+2122 (decimal 8482)
   defining Unicode char U+2423 (decimal 9251)
))
(/usr/share/texmf-texlive/tex/latex/tools/longtable.sty
Package: longtable 2004/02/01 v4.11 Multi-page Table package (DPC)
\LTleft=\skip56
\LTright=\skip57
\LTpre=\skip58
\LTpost=\skip59
\LTchunksize=\count152
\LTcapwidth=\dimen176
\LT@head=\box41
\LT@firsthead=\box42
\LT@foot=\box43
\LT@lastfoot=\box44
\LT@cols=\count153
\LT@rows=\count154
\c@LT@tables=\count155
\c@LT@chunks=\count156
\LT@p@ftn=\toks35
)
(/usr/share/texmf-texlive/tex/latex/tools/multicol.sty
Package: multicol 2008/12/05 v1.6h multicolumn formatting (FMi)
\c@tracingmulticols=\count157
\mult@box=\box45
\multicol@leftmargin=\dimen177
\c@unbalance=\count158
\c@collectmore=\count159
\doublecol@number=\count160
\multicoltolerance=\count161
\multicolpretolerance=\count162
\full@width=\dimen178
\page@free=\dimen179
\premulticols=\dimen180
\postmulticols=\dimen181
\multicolsep=\skip60
\multicolbaselineskip=\skip61
\partial@page=\box46
\last@line=\box47
\mult@rightbox=\box48
\mult@grightbox=\box49
\mult@gfirstbox=\box50
\mult@firstbox=\box51
\@tempa=\box52
\@tempa=\box53
\@tempa=\box54
\@tempa=\box55
\@tempa=\box56
\@tempa=\box57
\@tempa=\box58
\@tempa=\box59
\@tempa=\box60
\@tempa=\box61
\@tempa=\box62
\@tempa=\box63
\@tempa=\box64
\@tempa=\box65
\@tempa=\box66
\@tempa=\box67
\@tempa=\box68
\c@columnbadness=\count163
\c@finalcolumnbadness=\count164
\last@try=\dimen182
\multicolovershoot=\dimen183
\multicolundershoot=\dimen184
\mult@nat@firstbox=\box69
\colbreak@box=\box70
)
(/usr/share/texmf-texlive/tex/latex/fancyhdr/fancyhdr.sty
\fancy@headwidth=\skip62
\f@ncyO@elh=\skip63
\f@ncyO@erh=\skip64
\f@ncyO@olh=\skip65
\f@ncyO@orh=\skip66
\f@ncyO@elf=\skip67
\f@ncyO@erf=\skip68
\f@ncyO@olf=\skip69
\f@ncyO@orf=\skip70
) (./main.aux

LaTeX Warning: Label `eq:CVM_dv' multiply defined.


LaTeX Warning: Label `fig:arch' multiply defined.

)
\openout1 = `main.aux'.

LaTeX Font Info:    Checking defaults for OML/cmm/m/it on input line 46.
LaTeX Font Info:    ... okay on input line 46.
LaTeX Font Info:    Checking defaults for T1/cmr/m/n on input line 46.
LaTeX Font Info:    ... okay on input line 46.
LaTeX Font Info:    Checking defaults for OT1/cmr/m/n on input line 46.
LaTeX Font Info:    ... okay on input line 46.
LaTeX Font Info:    Checking defaults for OMS/cmsy/m/n on input line 46.
LaTeX Font Info:    ... okay on input line 46.
LaTeX Font Info:    Checking defaults for OMX/cmex/m/n on input line 46.
LaTeX Font Info:    ... okay on input line 46.
LaTeX Font Info:    Checking defaults for U/cmr/m/n on input line 46.
LaTeX Font Info:    ... okay on input line 46.
LaTeX Font Info:    Checking defaults for OT4/cmr/m/n on input line 46.
LaTeX Font Info:    ... okay on input line 46.

*geometry auto-detecting driver*
*geometry detected driver: pdftex*
-------------------- Geometry parameters
paper: a4paper
landscape: --
twocolumn: --
twoside: --
asymmetric: --
h-parts: 99.58464pt, 426.79135pt, 71.13188pt
v-parts: 71.13188pt, 702.78308pt, 71.13188pt
hmarginratio: --
vmarginratio: --
lines: --
heightrounded: --
bindingoffset: 0.0pt
truedimen: --
includehead: true
includefoot: true
includemp: --
driver: pdftex
-------------------- Page layout dimensions and switches
\paperwidth  597.50787pt
\paperheight 845.04684pt
\textwidth  426.79135pt
\textheight 635.78308pt
\oddsidemargin  27.31465pt
\evensidemargin 27.31465pt
\topmargin  -1.1381pt
\headheight 15.0pt
\headsep    25.0pt
\footskip   30.0pt
\marginparwidth 35.0pt
\marginparsep   10.0pt
\columnsep  10.0pt
\skip\footins  10.8pt plus 4.0pt minus 2.0pt
\hoffset 0.0pt
\voffset 0.0pt
\mag 1000

(1in=72.27pt, 1cm=28.45pt)
-----------------------
(/usr/share/texmf/tex/context/base/supp-pdf.mkii
[Loading MPS to PDF converter (version 2006.09.02).]
\scratchcounter=\count165
\scratchdimen=\dimen185
\scratchbox=\box71
\nofMPsegments=\count166
\nofMParguments=\count167
\everyMPshowfont=\toks36
\MPscratchCnt=\count168
\MPscratchDim=\dimen186
\MPnumerator=\count169
\everyMPtoPDFconversion=\toks37
)
Package caption Info: Begin \AtBeginDocument code.
Package caption3 Info: subfig package 1.2 or 1.3 is loaded.
LaTeX Info: Redefining \subref on input line 46.
Package caption Info: listings package is loaded.
Package caption Info: longtable package is loaded.
 (/usr/share/texmf-texlive/tex/latex/caption/ltcaption.sty
Package: ltcaption 2008/03/28 v1.2 longtable captions (AR)
)
Package caption Info: wrapfig package is loaded.
Package caption Info: End \AtBeginDocument code.
\c@lstlisting=\count170

(./tex/tytulowa.tex
<./grafika/./logo_pw_moje.PNG, id=4, 460.72125pt x 457.71pt>
File: ./grafika/./logo_pw_moje.PNG Graphic file (type png)

<use ./grafika/./logo_pw_moje.PNG>
LaTeX Font Info:    Try loading font information for OML+plm on input line 8.

(/usr/share/texmf-texlive/tex/latex/polski/omlplm.fd
File: omlplm.fd 2008/02/24 v1.2.1 Font defs for fonts PL (MW)
)
LaTeX Font Info:    Try loading font information for OMS+plsy on input line 8.

(/usr/share/texmf-texlive/tex/latex/polski/omsplsy.fd
File: omsplsy.fd 2008/02/24 v1.2.1 Font defs for fonts PL (MW)
)
LaTeX Font Info:    Try loading font information for OMX+plex on input line 8.

(/usr/share/texmf-texlive/tex/latex/polski/omxplex.fd
File: omxplex.fd 2008/02/24 v1.2.1 Font defs for fonts PL (MW)
)
LaTeX Font Info:    External font `plex10' loaded for size
(Font)              <12> on input line 8.
LaTeX Font Info:    External font `plex10' loaded for size
(Font)              <8> on input line 8.
LaTeX Font Info:    External font `plex10' loaded for size
(Font)              <6> on input line 8.
LaTeX Font Info:    Try loading font information for U+msa on input line 8.

(/usr/share/texmf-texlive/tex/latex/amsfonts/umsa.fd
File: umsa.fd 2009/06/22 v3.00 AMS symbols A
)
LaTeX Font Info:    Try loading font information for U+msb on input line 8.

(/usr/share/texmf-texlive/tex/latex/amsfonts/umsb.fd
File: umsb.fd 2009/06/22 v3.00 AMS symbols B
)
<./grafika/./logo_weiti.PNG, id=6, 94.3525pt x 110.4125pt>
File: ./grafika/./logo_weiti.PNG Graphic file (type png)

<use ./grafika/./logo_weiti.PNG>
LaTeX Font Info:    External font `plex10' loaded for size
(Font)              <17.28> on input line 28.
LaTeX Font Info:    External font `plex10' loaded for size
(Font)              <10> on input line 28.
 [1

{/var/lib/texmf/fonts/map/pdftex/updmap/pdftex.map} <./grafika/./logo_pw_moje.P
NG> <./grafika/./logo_weiti.PNG>])
(./main.toc [1

]
LaTeX Font Info:    Try loading font information for OT4+cmtt on input line 38.

 (/usr/share/texmf-texlive/tex/latex/polski/ot4cmtt.fd
File: ot4cmtt.fd 2008/02/24 v1.2.1 Font defs for fonts PL (MW)
)

LaTeX Font Warning: Font shape `OT4/cmtt/bx/n' in size <12> not available
(Font)              Font shape `OT4/cmtt/m/n' tried instead on input line 45.

[2])
\tf@toc=\write4
\openout4 = `main.toc'.

 (./tex/wstep.tex [3]
Rozdzia\PlPrIeC {\l } 1.
[4

]
<./grafika/./zalozenia/przeplyw_sterowania.pdf, id=31, 859.21pt x 571.13374pt>
File: ./grafika/./zalozenia/przeplyw_sterowania.pdf Graphic file (type pdf)

<use ./grafika/./zalozenia/przeplyw_sterowania.pdf> [5])
(./tex/liga_robocup.tex [6 <./grafika/./zalozenia/przeplyw_sterowania.pdf>]
Rozdzia\PlPrIeC {\l } 2.
LaTeX Font Info:    Try loading font information for OMS+cmr on input line 15.
(/usr/share/texmf-texlive/tex/latex/base/omscmr.fd
File: omscmr.fd 1999/05/25 v2.5h Standard LaTeX font definitions
)
LaTeX Font Info:    Font shape `OMS/cmr/m/n' in size <12> not available
(Font)              Font shape `OMS/cmsy/m/n' tried instead on input line 15.
 [7

]

LaTeX Warning: Reference `sec:F180' on page 8 undefined on input line 28.

<./grafika/./liga_robocup/F180.png, id=45, 401.5pt x 115.43124pt>
File: ./grafika/./liga_robocup/F180.png Graphic file (type png)

<use ./grafika/./liga_robocup/F180.png> [8 <./grafika/./liga_robocup/F180.png>]
LaTeX Font Info:    External font `plex10' loaded for size
(Font)              <7> on input line 66.
LaTeX Font Info:    External font `plex10' loaded for size
(Font)              <5> on input line 66.
<./grafika/./liga_robocup/dataflow.png, id=50, 401.5pt x 262.9825pt>
File: ./grafika/./liga_robocup/dataflow.png Graphic file (type png)

<use ./grafika/./liga_robocup/dataflow.png> [9]
<./grafika/./liga_robocup/F180_budowa1.jpg, id=54, 310.15875pt x 264.99pt>
File: ./grafika/./liga_robocup/F180_budowa1.jpg Graphic file (type jpg)

<use ./grafika/./liga_robocup/F180_budowa1.jpg>
<./grafika/./liga_robocup/F180_budowa2.png, id=55, 321.2pt x 240.9pt>
File: ./grafika/./liga_robocup/F180_budowa2.png Graphic file (type png)

<use ./grafika/./liga_robocup/F180_budowa2.png>
<./grafika/./liga_robocup/F180_budowa3.png, id=56, 321.2pt x 240.9pt>
File: ./grafika/./liga_robocup/F180_budowa3.png Graphic file (type png)

<use ./grafika/./liga_robocup/F180_budowa3.png>
<./grafika/./liga_robocup/znacznik.png, id=57, 417.56pt x 382.42876pt>
File: ./grafika/./liga_robocup/znacznik.png Graphic file (type png)

<use ./grafika/./liga_robocup/znacznik.png> [10 <./grafika/./liga_robocup/dataf
low.png>] [11 <./grafika/./liga_robocup/F180_budowa1.jpg (PNG copy)> <./grafika
/./liga_robocup/F180_budowa2.png (PNG copy)> <./grafika/./liga_robocup/F180_bud
owa3.png (PNG copy)> <./grafika/./liga_robocup/znacznik.png>])
(./tex/gazebo.tex [12]
Rozdzia\PlPrIeC {\l } 3.
[13

] <./grafika/./gazebo/architektura.pdf, id=77, 745.78625pt x 657.45625pt>
File: ./grafika/./gazebo/architektura.pdf Graphic file (type pdf)

<use ./grafika/./gazebo/architektura.pdf> [14 <./grafika/./gazebo/architektura.
pdf>]
<./grafika/./gazebo/wybrana_architektura.png, id=83, 533.995pt x 258.9675pt>
File: ./grafika/./gazebo/wybrana_architektura.png Graphic file (type png)

<use ./grafika/./gazebo/wybrana_architektura.png> [15 <./grafika/./gazebo/wybra
na_architektura.png (PNG copy)>]
<./grafika/./gazebo/gazebo_screen.png, id=87, 789.95125pt x 553.06625pt>
File: ./grafika/./gazebo/gazebo_screen.png Graphic file (type png)

<use ./grafika/./gazebo/gazebo_screen.png> [16 <./grafika/./gazebo/gazebo_scree
n.png (PNG copy)>]

LaTeX Font Warning: Font shape `OT4/cmtt/bx/n' in size <8> not available
(Font)              Font shape `OT4/cmtt/m/n' tried instead on input line 98.

[17]
Overfull \hbox (47.70343pt too wide) in paragraph at lines 145--145
[]\OT4/cmr/m/n/12 przetlumaczyc 
 []


Overfull \hbox (47.70343pt too wide) in paragraph at lines 145--145
[]\OT4/cmr/m/n/12 przetlumaczyc 
 []

[18] <./grafika/./gazebo/geoms.jpg, id=101, 981.6675pt x 571.13374pt>
File: ./grafika/./gazebo/geoms.jpg Graphic file (type jpg)

<use ./grafika/./gazebo/geoms.jpg> [19] [20 <./grafika/./gazebo/geoms.jpg>]
<./grafika/./gazebo/joints.jpg, id=108, 803.0pt x 515.9275pt>
File: ./grafika/./gazebo/joints.jpg Graphic file (type jpg)

<use ./grafika/./gazebo/joints.jpg>
<./grafika/./gazebo/bad_joint.jpg, id=109, 401.5pt x 301.125pt>
File: ./grafika/./gazebo/bad_joint.jpg Graphic file (type jpg)

<use ./grafika/./gazebo/bad_joint.jpg> [21 <./grafika/./gazebo/joints.jpg>]
[22 <./grafika/./gazebo/bad_joint.jpg>]
<./grafika/./gazebo/roboty.png, id=116, 785.93625pt x 391.4625pt>
File: ./grafika/./gazebo/roboty.png Graphic file (type png)

<use ./grafika/./gazebo/roboty.png>
<./grafika/./gazebo/boisko.png, id=117, 871.255pt x 418.56375pt>
File: ./grafika/./gazebo/boisko.png Graphic file (type png)

<use ./grafika/./gazebo/boisko.png> [23 <./grafika/./gazebo/roboty.png (PNG cop
y)>]
Overfull \hbox (5.66498pt too wide) in paragraph at lines 293--293
[]\OT4/cmr/m/n/12 opisac 
 []


Overfull \hbox (5.66498pt too wide) in paragraph at lines 293--293
[]\OT4/cmr/m/n/12 opisac 
 []

) (./tex/architektura.tex [24 <./grafika/./gazebo/boisko.png>]
Rozdzia\PlPrIeC {\l } 4.

Overfull \hbox (0.21248pt too wide) in paragraph at lines 2--6
\OT4/cmtt/m/n/12 and plays for multi-robot control in adversarial environments 
\OT4/cmr/m/n/12 [[]] stwo-
 []

[25

] <./grafika/./stp/stp.png, id=129, 635.37375pt x 567.11874pt>
File: ./grafika/./stp/stp.png Graphic file (type png)

<use ./grafika/./stp/stp.png>

LaTeX Warning: `h' float specifier changed to `ht'.

[26] [27 <./grafika/./stp/stp.png (PNG copy)>]
Overfull \hbox (26.81476pt too wide) in paragraph at lines 78--78
[]\OT4/cmr/m/n/12 dokonczyc 
 []


Overfull \hbox (26.81476pt too wide) in paragraph at lines 78--78
[]\OT4/cmr/m/n/12 dokonczyc 
 []


Overfull \hbox (5.66498pt too wide) in paragraph at lines 79--79
[]\OT4/cmr/m/n/12 opisa¢ 
 []


Overfull \hbox (5.66498pt too wide) in paragraph at lines 79--79
[]\OT4/cmr/m/n/12 opisa¢ 
 []


Overfull \hbox (5.66498pt too wide) in paragraph at lines 80--80
[]\OT4/cmr/m/n/12 opisa¢ 
 []


Overfull \hbox (5.66498pt too wide) in paragraph at lines 80--80
[]\OT4/cmr/m/n/12 opisa¢ 
 []


Overfull \hbox (30.14389pt too wide) in paragraph at lines 81--81
[]\OT4/cmr/m/n/12 wspomniec 
 []


Overfull \hbox (30.14389pt too wide) in paragraph at lines 81--81
[]\OT4/cmr/m/n/12 wspomniec 
 []

)

LaTeX Warning: Marginpar on page 28 moved.


LaTeX Warning: Marginpar on page 28 moved.


LaTeX Warning: Marginpar on page 28 moved.

(./tex/robot_holonomiczny.tex [28]
Rozdzia\PlPrIeC {\l } 5.
<./grafika/./holonomic/holonomic_base.png, id=139, 441.90094pt x 350.05782pt>
File: ./grafika/./holonomic/holonomic_base.png Graphic file (type png)

<use ./grafika/./holonomic/holonomic_base.png>
<./grafika/./holonomic/omnidirectional_wheel.png, id=140, 189.70876pt x 194.727
5pt>
File: ./grafika/./holonomic/omnidirectional_wheel.png Graphic file (type png)
 <use ./grafika/./holonomic/omnidirectional_wheel.png> [29

] [30 <./grafika/./holonomic/holonomic_base.png (PNG copy)> <./grafika/./holono
mic/omnidirectional_wheel.png>]
Overfull \hbox (17.49245pt too wide) in paragraph at lines 46--51
\OT4/cmr/m/n/12 na-to-miast dla ob-r¦-czy $\OML/plm/m/it/12 I \OT4/cmr/m/n/12 =
 \OML/plm/m/it/12 MR[]$\OT4/cmr/m/n/12 , gdzie $\OML/plm/m/it/12 R$ \OT4/cmr/m/
n/12 jest od-po-wied-nio pro-mie-niem []
 []

[31]
<./grafika/./holonomic/linear_speed.png, id=154, 300.3722pt x 146.79843pt>
File: ./grafika/./holonomic/linear_speed.png Graphic file (type png)

<use ./grafika/./holonomic/linear_speed.png> [32 <./grafika/./holonomic/linear_
speed.png (PNG copy)>]
<./grafika/./holonomic/trapezoid_rule.png, id=158, 644.4075pt x 402.50375pt>
File: ./grafika/./holonomic/trapezoid_rule.png Graphic file (type png)

<use ./grafika/./holonomic/trapezoid_rule.png>
Overfull \hbox (24.29083pt too wide) in paragraph at lines 144--145
 [][] 
 []


LaTeX Warning: `h' float specifier changed to `ht'.


Overfull \hbox (1.0303pt too wide) in paragraph at lines 155--155
[]\OT4/cmr/m/n/12 opia¢ 
 []


Overfull \hbox (1.0303pt too wide) in paragraph at lines 155--155
[]\OT4/cmr/m/n/12 opia¢ 
 []

) (./tex/algorytmy.tex [33] [34 <./grafika/./holonomic/trapezoid_rule.png (PNG 
copy)>]
Rozdzia\PlPrIeC {\l } 6.
[35

] <./grafika/./algorytmy/Bug1.png, id=168, 364.36125pt x 177.66376pt>
File: ./grafika/./algorytmy/Bug1.png Graphic file (type png)

<use ./grafika/./algorytmy/Bug1.png>
<./grafika/./algorytmy/Bug2.png, id=169, 358.33875pt x 200.75pt>
File: ./grafika/./algorytmy/Bug2.png Graphic file (type png)

<use ./grafika/./algorytmy/Bug2.png>
<./grafika/./algorytmy/VFH_siatka.png, id=170, 803.0pt x 602.25pt>
File: ./grafika/./algorytmy/VFH_siatka.png Graphic file (type png)

<use ./grafika/./algorytmy/VFH_siatka.png> [36 <./grafika/./algorytmy/Bug1.png 
(PNG copy)>] [37 <./grafika/./algorytmy/Bug2.png (PNG copy)>]
<./grafika/./algorytmy/VFH_hist_biegunowy.png, id=178, 349.305pt x 491.8375pt>
File: ./grafika/./algorytmy/VFH_hist_biegunowy.png Graphic file (type png)

<use ./grafika/./algorytmy/VFH_hist_biegunowy.png> [38 <./grafika/./algorytmy/V
FH_siatka.png>] [39 <./grafika/./algorytmy/VFH_hist_biegunowy.png>]
<./grafika/./algorytmy/navigation_func_k_10.png, id=187, 1204.5pt x 903.375pt>
File: ./grafika/./algorytmy/navigation_func_k_10.png Graphic file (type png)

<use ./grafika/./algorytmy/navigation_func_k_10.png>

LaTeX Warning: `!h' float specifier changed to `!ht'.

[40] [41 <./grafika/./algorytmy/navigation_func_k_10.png (PNG copy)>]

LaTeX Font Warning: Font shape `OT4/cmtt/bx/n' in size <14.4> not available
(Font)              Font shape `OT4/cmtt/m/n' tried instead on input line 150.

[42] [43]
<./grafika/./algorytmy/CVM_dist_new.pdf, id=206, 591.20876pt x 633.36626pt>
File: ./grafika/./algorytmy/CVM_dist_new.pdf Graphic file (type pdf)

<use ./grafika/./algorytmy/CVM_dist_new.pdf> [44]
<./grafika/./algorytmy/CVM_styczne_new.pdf, id=210, 674.52pt x 633.36626pt>
File: ./grafika/./algorytmy/CVM_styczne_new.pdf Graphic file (type pdf)

<use ./grafika/./algorytmy/CVM_styczne_new.pdf> [45 <./grafika/./algorytmy/CVM_
dist_new.pdf>] [46 <./grafika/./algorytmy/CVM_styczne_new.pdf>]
<./grafika/./algorytmy/CVM_segmentacja_new.pdf, id=221, 565.11125pt x 430.60875
pt>
File: ./grafika/./algorytmy/CVM_segmentacja_new.pdf Graphic file (type pdf)
 <use ./grafika/./algorytmy/CVM_segmentacja_new.pdf> [47]
<./grafika/./algorytmy/CVM_segmentacja2_new.pdf, id=226, 674.52pt x 573.14125pt
>
File: ./grafika/./algorytmy/CVM_segmentacja2_new.pdf Graphic file (type pdf)
 <use ./grafika/./algorytmy/CVM_segmentacja2_new.pdf> [48 <./grafika/./algorytm
y/CVM_segmentacja_new.pdf>]

LaTeX Font Warning: Font shape `OT4/cmtt/bx/n' in size <17.28> not available
(Font)              Font shape `OT4/cmtt/m/n' tried instead on input line 352.

[49 <./grafika/./algorytmy/CVM_segmentacja2_new.pdf>] [50]
Overfull \hbox (4.83241pt too wide) in paragraph at lines 400--404
\OT4/cmr/m/n/12 zwra-ca-j¡-ca od-le-gªo±¢ w sen-sie eu-kli-de-so-wym mi¦-dzy dw
o-ma w¦-zªa-mi drze-wa, \OT4/cmtt/m/n/12 addNode
 []

[51]
<./grafika/./algorytmy/tree_with_waypoints.png, id=244, 338.26375pt x 377.41pt>
File: ./grafika/./algorytmy/tree_with_waypoints.png Graphic file (type png)
<use ./grafika/./algorytmy/tree_with_waypoints.png>) [52 <./grafika/./algorytmy
/tree_with_waypoints.png (PNG copy)>] (./tex/wlasna_imp_rrt.tex [53]
<./grafika/./imp_rrt/many_root_child.png, id=251, 288.07625pt x 239.89626pt>
File: ./grafika/./imp_rrt/many_root_child.png Graphic file (type png)

<use ./grafika/./imp_rrt/many_root_child.png>

LaTeX Warning: `h' float specifier changed to `ht'.

[54] [55 <./grafika/./imp_rrt/many_root_child.png (PNG copy)>] [56] [57])
(./tex/testy_rrt.tex [58]
Rozdzia\PlPrIeC {\l } 7.

LaTeX Font Warning: Font shape `OT4/cmtt/bx/n' in size <24.88> not available
(Font)              Font shape `OT4/cmtt/m/n' tried instead on input line 1.

<./grafika/./testy_rrt/mgr_debug.png, id=268, 853.1875pt x 658.46pt>
File: ./grafika/./testy_rrt/mgr_debug.png Graphic file (type png)

<use ./grafika/./testy_rrt/mgr_debug.png> [59

] [60 <./grafika/./testy_rrt/mgr_debug.png (PNG copy)>]
Overfull \hbox (2.06044pt too wide) in paragraph at lines 42--42
[]\OT4/cmr/bx/n/17.28 Wyniki eks-pe-ry-men-tów w ±ro-do-wi-sku sta-tycz-
 []

<./grafika/./testy_rrt/static/sukcesy.png, id=276, 1204.5pt x 903.375pt>
File: ./grafika/./testy_rrt/static/sukcesy.png Graphic file (type png)

<use ./grafika/./testy_rrt/static/sukcesy.png>
Overfull \hbox (30.92342pt too wide) in paragraph at lines 48--49
 [][] 
 []

[61]
<./grafika/./testy_rrt/static/czas_dojazdu.png, id=280, 1204.5pt x 903.375pt>
File: ./grafika/./testy_rrt/static/czas_dojazdu.png Graphic file (type png)

<use ./grafika/./testy_rrt/static/czas_dojazdu.png>
Overfull \hbox (30.92342pt too wide) in paragraph at lines 53--54
 [][] 
 []

<./grafika/./testy_rrt/static/czas_rrt.png, id=281, 1204.5pt x 903.375pt>
File: ./grafika/./testy_rrt/static/czas_rrt.png Graphic file (type png)

<use ./grafika/./testy_rrt/static/czas_rrt.png>
Overfull \hbox (30.92342pt too wide) in paragraph at lines 58--59
 [][] 
 []

[62 <./grafika/./testy_rrt/static/sukcesy.png (PNG copy)>]
<./grafika/./testy_rrt/static/liczba_sciezek.png, id=285, 1204.5pt x 903.375pt>
File: ./grafika/./testy_rrt/static/liczba_sciezek.png Graphic file (type png)
<use ./grafika/./testy_rrt/static/liczba_sciezek.png>
Overfull \hbox (30.92342pt too wide) in paragraph at lines 63--64
 [][] 
 []

[63 <./grafika/./testy_rrt/static/czas_dojazdu.png (PNG copy)>]
<./grafika/./testy_rrt/static/max_sciezka.png, id=289, 1204.5pt x 903.375pt>
File: ./grafika/./testy_rrt/static/max_sciezka.png Graphic file (type png)

<use ./grafika/./testy_rrt/static/max_sciezka.png>
Overfull \hbox (30.92342pt too wide) in paragraph at lines 68--69
 [][] 
 []

[64 <./grafika/./testy_rrt/static/czas_rrt.png (PNG copy)>]
<./grafika/./testy_rrt/static/max_tree.png, id=293, 1204.5pt x 903.375pt>
File: ./grafika/./testy_rrt/static/max_tree.png Graphic file (type png)

<use ./grafika/./testy_rrt/static/max_tree.png>
Overfull \hbox (30.92342pt too wide) in paragraph at lines 73--74
 [][] 
 []

[65 <./grafika/./testy_rrt/static/liczba_sciezek.png (PNG copy)>] [66 <./grafik
a/./testy_rrt/static/max_sciezka.png (PNG copy)>]
Overfull \hbox (21.98425pt too wide) in paragraph at lines 76--76
[]\OT4/cmr/m/n/12 zamiescic 
 []


Overfull \hbox (0.70392pt too wide) in paragraph at lines 76--76
\OT4/cmr/m/n/12 przy- 
 []


Overfull \hbox (21.98425pt too wide) in paragraph at lines 76--76
[]\OT4/cmr/m/n/12 zamiescic 
 []


Overfull \hbox (0.70392pt too wide) in paragraph at lines 76--76
\OT4/cmr/m/n/12 przy- 
 []


Overfull \hbox (4.6524pt too wide) in paragraph at lines 77--77
[]\OT4/cmr/bx/n/17.28 Wyniki eks-pe-ry-men-tów ±ro-do-wi-sku dy-na-micz-
 []

<./grafika/./testy_rrt/dynamic/sukcesy.png, id=301, 1204.5pt x 903.375pt>
File: ./grafika/./testy_rrt/dynamic/sukcesy.png Graphic file (type png)

<use ./grafika/./testy_rrt/dynamic/sukcesy.png>
Overfull \hbox (30.92342pt too wide) in paragraph at lines 83--84
 [][] 
 []


<./grafika/./testy_rrt/dynamic/czas_dojazdu.png, id=302, 1204.5pt x 903.375pt>
File: ./grafika/./testy_rrt/dynamic/czas_dojazdu.png Graphic file (type png)

<use ./grafika/./testy_rrt/dynamic/czas_dojazdu.png>
Overfull \hbox (30.92342pt too wide) in paragraph at lines 88--89
 [][] 
 []

<./grafika/./testy_rrt/dynamic/czas_rrt.png, id=303, 1204.5pt x 903.375pt>
File: ./grafika/./testy_rrt/dynamic/czas_rrt.png Graphic file (type png)

<use ./grafika/./testy_rrt/dynamic/czas_rrt.png>
Overfull \hbox (30.92342pt too wide) in paragraph at lines 93--94
 [][] 
 []


<./grafika/./testy_rrt/dynamic/liczba_sciezek.png, id=304, 1204.5pt x 903.375pt
>
File: ./grafika/./testy_rrt/dynamic/liczba_sciezek.png Graphic file (type png)
 <use ./grafika/./testy_rrt/dynamic/liczba_sciezek.png>
Overfull \hbox (30.92342pt too wide) in paragraph at lines 98--99
 [][] 
 []

<./grafika/./testy_rrt/dynamic/max_sciezka.png, id=305, 1204.5pt x 903.375pt>
File: ./grafika/./testy_rrt/dynamic/max_sciezka.png Graphic file (type png)

<use ./grafika/./testy_rrt/dynamic/max_sciezka.png>
Overfull \hbox (30.92342pt too wide) in paragraph at lines 103--104
 [][] 
 []

<./grafika/./testy_rrt/dynamic/max_tree.png, id=306, 1204.5pt x 903.375pt>
File: ./grafika/./testy_rrt/dynamic/max_tree.png Graphic file (type png)

<use ./grafika/./testy_rrt/dynamic/max_tree.png>
Overfull \hbox (30.92342pt too wide) in paragraph at lines 108--109
 [][] 
 []


LaTeX Warning: `h' float specifier changed to `ht'.


LaTeX Warning: `h' float specifier changed to `ht'.


LaTeX Warning: `h' float specifier changed to `ht'.


LaTeX Warning: `h' float specifier changed to `ht'.


LaTeX Warning: `h' float specifier changed to `ht'.


LaTeX Warning: `h' float specifier changed to `ht'.


Overfull \hbox (21.98425pt too wide) in paragraph at lines 112--112
[]\OT4/cmr/m/n/12 zamiescic 
 []


Overfull \hbox (0.70392pt too wide) in paragraph at lines 112--112
\OT4/cmr/m/n/12 przy- 
 []


Overfull \hbox (1.68307pt too wide) in paragraph at lines 112--112
\OT4/cmr/m/n/12 micz- 
 []


Overfull \hbox (21.98425pt too wide) in paragraph at lines 112--112
[]\OT4/cmr/m/n/12 zamiescic 
 []


Overfull \hbox (0.70392pt too wide) in paragraph at lines 112--112
\OT4/cmr/m/n/12 przy- 
 []


Overfull \hbox (1.68307pt too wide) in paragraph at lines 112--112
\OT4/cmr/m/n/12 micz- 
 []

) [67 <./grafika/./testy_rrt/static/max_tree.png (PNG copy)>]

LaTeX Warning: Marginpar on page 68 moved.

(./tex/testy_stp.tex [68 <./grafika/./testy_rrt/dynamic/sukcesy.png (PNG copy)>
] [69 <./grafika/./testy_rrt/dynamic/czas_dojazdu.png (PNG copy)>] [70 <./grafi
ka/./testy_rrt/dynamic/czas_rrt.png (PNG copy)>] [71 <./grafika/./testy_rrt/dyn
amic/liczba_sciezek.png (PNG copy)>] [72 <./grafika/./testy_rrt/dynamic/max_sci
ezka.png (PNG copy)>] [73 <./grafika/./testy_rrt/dynamic/max_tree.png (PNG copy
)>]
Rozdzia\PlPrIeC {\l } 8.
<./grafika/./testy_stp/test_area_1.png, id=329, 401.5pt x 259.97125pt>
File: ./grafika/./testy_stp/test_area_1.png Graphic file (type png)

<use ./grafika/./testy_stp/test_area_1.png> [74

 <./grafika/./testy_stp/test_area_1.png>] [75]) (./tex/podsumowanie.tex [76]
Rozdzia\PlPrIeC {\l } 9.
) (./tex/dodatek.tex [77

]
Dodatek A.
[78

]
Dodatek B.

Overfull \hbox (20.61343pt too wide) in paragraph at lines 17--17
[]\OT4/cmr/m/n/12 poprawic 
 []


Overfull \hbox (20.61343pt too wide) in paragraph at lines 17--17
[]\OT4/cmr/m/n/12 poprawic 
 []


Overfull \hbox (12.78018pt too wide) in paragraph at lines 18--18
[]\OT4/cmr/m/n/12 zmienic 
 []


Overfull \hbox (12.78018pt too wide) in paragraph at lines 18--18
[]\OT4/cmr/m/n/12 zmienic 
 []


LaTeX Warning: Marginpar on page 79 moved.

(./tex/dodatek_eksp.tex [79

]
Dodatek C.

<./grafika/./eksperymenty/srodowiska/legenda.pdf, id=350, 438.63875pt x 148.555
pt>
File: ./grafika/./eksperymenty/srodowiska/legenda.pdf Graphic file (type pdf)
 <use ./grafika/./eksperymenty/srodowiska/legenda.pdf>
<./grafika/./eksperymenty/srodowiska/eksperyment00.pdf, id=351, 315.1775pt x 44
5.665pt>
File: ./grafika/./eksperymenty/srodowiska/eksperyment00.pdf Graphic file (type 
pdf)
 <use ./grafika/./eksperymenty/srodowiska/eksperyment00.pdf>
<./grafika/./eksperymenty/srodowiska/eksperyment01.pdf, id=352, 315.1775pt x 44
5.665pt>
File: ./grafika/./eksperymenty/srodowiska/eksperyment01.pdf Graphic file (type 
pdf)
 <use ./grafika/./eksperymenty/srodowiska/eksperyment01.pdf>
<./grafika/./eksperymenty/srodowiska/eksperyment05.pdf, id=353, 314.17375pt x 4
45.665pt>
File: ./grafika/./eksperymenty/srodowiska/eksperyment05.pdf Graphic file (type 
pdf)
 <use ./grafika/./eksperymenty/srodowiska/eksperyment05.pdf>
<./grafika/./eksperymenty/srodowiska/eksperyment06.pdf, id=354, 315.1775pt x 44
5.665pt>
File: ./grafika/./eksperymenty/srodowiska/eksperyment06.pdf Graphic file (type 
pdf)
 <use ./grafika/./eksperymenty/srodowiska/eksperyment06.pdf> [80

 <./grafika/./eksperymenty/srodowiska/legenda.pdf (PNG copy)>]
<./grafika/./eksperymenty/srodowiska/eksperyment09.pdf, id=358, 315.1775pt x 44
5.665pt>
File: ./grafika/./eksperymenty/srodowiska/eksperyment09.pdf Graphic file (type 
pdf)
 <use ./grafika/./eksperymenty/srodowiska/eksperyment09.pdf>
<./grafika/./eksperymenty/srodowiska/korytarz.pdf, id=359, 315.1775pt x 445.665
pt>
File: ./grafika/./eksperymenty/srodowiska/korytarz.pdf Graphic file (type pdf)
 <use ./grafika/./eksperymenty/srodowiska/korytarz.pdf>
<./grafika/./eksperymenty/srodowiska/prosta.pdf, id=360, 315.1775pt x 445.665pt
>
File: ./grafika/./eksperymenty/srodowiska/prosta.pdf Graphic file (type pdf)
 <use ./grafika/./eksperymenty/srodowiska/prosta.pdf>
<./grafika/./eksperymenty/srodowiska/waskie_przejscie.pdf, id=361, 315.1775pt x
 445.665pt>
File: ./grafika/./eksperymenty/srodowiska/waskie_przejscie.pdf Graphic file (ty
pe pdf)
 <use ./grafika/./eksperymenty/srodowiska/waskie_przejscie.pdf>
<./grafika/./eksperymenty/srodowiska/atak1.pdf, id=362, 315.1775pt x 445.665pt>
File: ./grafika/./eksperymenty/srodowiska/atak1.pdf Graphic file (type pdf)
<use ./grafika/./eksperymenty/srodowiska/atak1.pdf>
<./grafika/./eksperymenty/srodowiska/atak2.pdf, id=363, 315.1775pt x 445.665pt>
File: ./grafika/./eksperymenty/srodowiska/atak2.pdf Graphic file (type pdf)
<use ./grafika/./eksperymenty/srodowiska/atak2.pdf> [81 <./grafika/./eksperymen
ty/srodowiska/eksperyment00.pdf (PNG copy)> <./grafika/./eksperymenty/srodowisk
a/eksperyment01.pdf (PNG copy)> <./grafika/./eksperymenty/srodowiska/eksperymen
t05.pdf (PNG copy)> <./grafika/./eksperymenty/srodowiska/eksperyment06.pdf (PNG
 copy)>]
<./grafika/./eksperymenty/srodowiska/dynamiczne/eks01.pdf, id=367, 315.1775pt x
 445.665pt>
File: ./grafika/./eksperymenty/srodowiska/dynamiczne/eks01.pdf Graphic file (ty
pe pdf)
 <use ./grafika/./eksperymenty/srodowiska/dynamiczne/eks01.pdf>
<./grafika/./eksperymenty/srodowiska/dynamiczne/eks02.pdf, id=368, 315.1775pt x
 445.665pt>
File: ./grafika/./eksperymenty/srodowiska/dynamiczne/eks02.pdf Graphic file (ty
pe pdf)
 <use ./grafika/./eksperymenty/srodowiska/dynamiczne/eks02.pdf>
<./grafika/./eksperymenty/srodowiska/dynamiczne/eks03.pdf, id=369, 315.1775pt x
 445.665pt>
File: ./grafika/./eksperymenty/srodowiska/dynamiczne/eks03.pdf Graphic file (ty
pe pdf)
 <use ./grafika/./eksperymenty/srodowiska/dynamiczne/eks03.pdf>
<./grafika/./eksperymenty/srodowiska/dynamiczne/eks04.pdf, id=370, 315.1775pt x
 445.665pt>
File: ./grafika/./eksperymenty/srodowiska/dynamiczne/eks04.pdf Graphic file (ty
pe pdf)
 <use ./grafika/./eksperymenty/srodowiska/dynamiczne/eks04.pdf>
<./grafika/./eksperymenty/srodowiska/dynamiczne/eks05.pdf, id=371, 315.1775pt x
 445.665pt>
File: ./grafika/./eksperymenty/srodowiska/dynamiczne/eks05.pdf Graphic file (ty
pe pdf)
 <use ./grafika/./eksperymenty/srodowiska/dynamiczne/eks05.pdf>
<./grafika/./eksperymenty/srodowiska/dynamiczne/eks06.pdf, id=372, 315.1775pt x
 445.665pt>
File: ./grafika/./eksperymenty/srodowiska/dynamiczne/eks06.pdf Graphic file (ty
pe pdf)
 <use ./grafika/./eksperymenty/srodowiska/dynamiczne/eks06.pdf>
[82 <./grafika/./eksperymenty/srodowiska/eksperyment09.pdf (PNG copy)> <./grafi
ka/./eksperymenty/srodowiska/korytarz.pdf (PNG copy)> <./grafika/./eksperymenty
/srodowiska/prosta.pdf (PNG copy)> <./grafika/./eksperymenty/srodowiska/waskie_
przejscie.pdf (PNG copy)> <./grafika/./eksperymenty/srodowiska/atak1.pdf (PNG c
opy)> <./grafika/./eksperymenty/srodowiska/atak2.pdf (PNG copy)>]
<./grafika/./eksperymenty/srodowiska/dynamiczne/eks07.pdf, id=376, 315.1775pt x
 445.665pt>
File: ./grafika/./eksperymenty/srodowiska/dynamiczne/eks07.pdf Graphic file (ty
pe pdf)
 <use ./grafika/./eksperymenty/srodowiska/dynamiczne/eks07.pdf>
<./grafika/./eksperymenty/srodowiska/dynamiczne/eks08.pdf, id=377, 315.1775pt x
 445.665pt>
File: ./grafika/./eksperymenty/srodowiska/dynamiczne/eks08.pdf Graphic file (ty
pe pdf)
 <use ./grafika/./eksperymenty/srodowiska/dynamiczne/eks08.pdf>
<./grafika/./eksperymenty/srodowiska/dynamiczne/eks09.pdf, id=378, 315.1775pt x
 445.665pt>
File: ./grafika/./eksperymenty/srodowiska/dynamiczne/eks09.pdf Graphic file (ty
pe pdf)
 <use ./grafika/./eksperymenty/srodowiska/dynamiczne/eks09.pdf>
<./grafika/./eksperymenty/srodowiska/dynamiczne/eks10.pdf, id=379, 315.1775pt x
 445.665pt>
File: ./grafika/./eksperymenty/srodowiska/dynamiczne/eks10.pdf Graphic file (ty
pe pdf)
 <use ./grafika/./eksperymenty/srodowiska/dynamiczne/eks10.pdf>
[83 <./grafika/./eksperymenty/srodowiska/dynamiczne/eks01.pdf (PNG copy)> <./gr
afika/./eksperymenty/srodowiska/dynamiczne/eks02.pdf (PNG copy)> <./grafika/./e
ksperymenty/srodowiska/dynamiczne/eks03.pdf (PNG copy)> <./grafika/./eksperymen
ty/srodowiska/dynamiczne/eks04.pdf (PNG copy)> <./grafika/./eksperymenty/srodow
iska/dynamiczne/eks05.pdf (PNG copy)> <./grafika/./eksperymenty/srodowiska/dyna
miczne/eks06.pdf (PNG copy)>])) [84 <./grafika/./eksperymenty/srodowiska/dynami
czne/eks07.pdf (PNG copy)> <./grafika/./eksperymenty/srodowiska/dynamiczne/eks0
8.pdf (PNG copy)> <./grafika/./eksperymenty/srodowiska/dynamiczne/eks09.pdf (PN
G copy)> <./grafika/./eksperymenty/srodowiska/dynamiczne/eks10.pdf (PNG copy)>]
(./tex/bibliografia.tex [85] [86

]) (./main.tdo [87])
\tf@tdo=\write5
\openout5 = `main.tdo'.

 [88] (./main.aux)

LaTeX Warning: There were undefined references.


LaTeX Warning: There were multiply-defined labels.

 ) 
Here is how much of TeX's memory you used:
 13595 strings out of 495026
 226738 string characters out of 1181802
 323908 words of memory out of 3000000
 16331 multiletter control sequences out of 15000+50000
 22848 words of font info for 69 fonts, out of 3000000 for 9000
 48 hyphenation exceptions out of 8191
 54i,12n,92p,588b,1803s stack positions out of 5000i,500n,10000p,200000b,50000s
{/usr/share/texmf-texlive/fonts/enc/dvips/pl/plmi.enc}{/usr/share/texmf-texli
ve/fonts/enc/dvips/pl/plrm.enc}{/usr/share/texmf-texlive/fonts/enc/dvips/pl/plm
s.enc}{/usr/share/texmf-texlive/fonts/enc/dvips/pl/plme.enc}{/usr/share/texmf-t
exlive/fonts/enc/dvips/pl/pltt.enc}{/usr/share/texmf-texlive/fonts/enc/dvips/pl
/plit.enc}</usr/share/texmf-texlive/fonts/type1/public/amsfonts/cm/cmsy10.pfb><
/usr/share/texmf-texlive/fonts/type1/public/amsfonts/symbols/msam10.pfb></usr/s
hare/texmf-texlive/fonts/type1/public/amsfonts/symbols/msbm10.pfb></usr/share/t
exmf-texlive/fonts/type1/public/pl/plbx12.pfb></usr/share/texmf-texlive/fonts/t
ype1/public/pl/plbxti10.pfb></usr/share/texmf-texlive/fonts/type1/public/pl/ple
x10.pfb></usr/share/texmf-texlive/fonts/type1/public/pl/plmi12.pfb></usr/share/
texmf-texlive/fonts/type1/public/pl/plmi6.pfb></usr/share/texmf-texlive/fonts/t
ype1/public/pl/plmi8.pfb></usr/share/texmf-texlive/fonts/type1/public/pl/plr10.
pfb></usr/share/texmf-texlive/fonts/type1/public/pl/plr12.pfb></usr/share/texmf
-texlive/fonts/type1/public/pl/plr17.pfb></usr/share/texmf-texlive/fonts/type1/
public/pl/plr6.pfb></usr/share/texmf-texlive/fonts/type1/public/pl/plr7.pfb></u
sr/share/texmf-texlive/fonts/type1/public/pl/plr8.pfb></usr/share/texmf-texlive
/fonts/type1/public/pl/plsy10.pfb></usr/share/texmf-texlive/fonts/type1/public/
pl/plsy6.pfb></usr/share/texmf-texlive/fonts/type1/public/pl/plsy8.pfb></usr/sh
are/texmf-texlive/fonts/type1/public/pl/plti12.pfb></usr/share/texmf-texlive/fo
nts/type1/public/pl/pltt10.pfb></usr/share/texmf-texlive/fonts/type1/public/pl/
pltt12.pfb></usr/share/texmf-texlive/fonts/type1/public/pl/pltt8.pfb>
Output written on main.pdf (89 pages, 2799916 bytes).
PDF statistics:
 476 PDF objects out of 1000 (max. 8388607)
 0 named destinations out of 1000 (max. 500000)
 353 words of extra memory for PDF output out of 10000 (max. 10000000)

